빌드 시작: 2015-03-18 오후 7:39:34
     1>2 노드의 "c:\Users\choiseunghyuk\documents\visual studio 2012\Projects\capstone2015\capstone2015\capstone2015.vcxproj" 프로젝트(Build 대상)입니다.
     1>ClCompile:
         C:\Program Files (x86)\Microsoft Visual Studio 11.0\VC\bin\CL.exe /c /ZI /nologo /W3 /WX- /Od /Oy- /D WIN32 /D _DEBUG /D _CONSOLE /D _UNICODE /D UNICODE /Gm /EHsc /RTC1 /MDd /GS /fp:precise /Zc:wchar_t /Zc:forScope /Fo"Debug\\" /Fd"Debug\vc110.pdb" /Gd /TP /analyze- /errorReport:prompt main.cpp
         main.cpp
     1>c:\opencv\build\include\opencv2\flann\dist.h : warning C4819: 현재 코드 페이지(949)에서 표시할 수 없는 문자가 파일에 들어 있습니다. 데이터가 손실되지 않게 하려면 해당 파일을 유니코드 형식으로 저장하십시오.
     1>c:\opencv\build\include\opencv2\flann\logger.h(66): warning C4996: 'fopen': This function or variable may be unsafe. Consider using fopen_s instead. To disable deprecation, use _CRT_SECURE_NO_WARNINGS. See online help for details.
                 c:\program files (x86)\microsoft visual studio 11.0\vc\include\stdio.h(218) : 'fopen' 선언을 참조하십시오.
       Link:
         C:\Program Files (x86)\Microsoft Visual Studio 11.0\VC\bin\link.exe /ERRORREPORT:PROMPT /OUT:"c:\users\choiseunghyuk\documents\visual studio 2012\Projects\capstone2015\Debug\capstone2015.exe" /INCREMENTAL /NOLOGO opencv_calib3d2410d.lib opencv_contrib2410d.lib opencv_core2410d.lib opencv_features2d2410d.lib opencv_flann2410d.lib opencv_gpu2410d.lib opencv_highgui2410d.lib opencv_imgproc2410d.lib opencv_legacy2410d.lib opencv_ml2410d.lib opencv_nonfree2410d.lib opencv_objdetect2410d.lib opencv_ocl2410d.lib opencv_photo2410d.lib opencv_stitching2410d.lib opencv_superres2410d.lib opencv_ts2410d.lib opencv_video2410d.lib opencv_videostab2410d.lib kernel32.lib user32.lib gdi32.lib winspool.lib comdlg32.lib advapi32.lib shell32.lib ole32.lib oleaut32.lib uuid.lib odbc32.lib odbccp32.lib /MANIFEST /MANIFESTUAC:"level='asInvoker' uiAccess='false'" /manifest:embed /DEBUG /PDB:"c:\users\choiseunghyuk\documents\visual studio 2012\Projects\capstone2015\Debug\capstone2015.pdb" /SUBSYSTEM:CONSOLE /TLBID:1 /DYNAMICBASE /NXCOMPAT /IMPLIB:"c:\users\choiseunghyuk\documents\visual studio 2012\Projects\capstone2015\Debug\capstone2015.lib" /MACHINE:X86 Debug\main.obj
     1>main.obj : error LNK2019: _cvReleaseImage 외부 기호(참조 위치: _main 함수)에서 확인하지 못했습니다.
     1>main.obj : error LNK2019: _cvShowImage 외부 기호(참조 위치: _main 함수)에서 확인하지 못했습니다.
     1>main.obj : error LNK2019: _cvLoadImage 외부 기호(참조 위치: _main 함수)에서 확인하지 못했습니다.
     1>main.obj : error LNK2019: _cvWaitKey 외부 기호(참조 위치: _main 함수)에서 확인하지 못했습니다.
     1>c:\users\choiseunghyuk\documents\visual studio 2012\Projects\capstone2015\Debug\capstone2015.exe : fatal error LNK1120: 4개의 확인할 수 없는 외부 참조입니다.
     1>"c:\Users\choiseunghyuk\documents\visual studio 2012\Projects\capstone2015\capstone2015\capstone2015.vcxproj" 프로젝트를 빌드했습니다(Build 대상). - 실패

빌드하지 못했습니다.

경과 시간: 00:00:03.57
