빌드 시작: 2015-05-27 오후 2:25:43
     1>2 노드의 "c:\Users\csh1\documents\visual studio 2012\Projects\webcam\webcam\webcam.vcxproj" 프로젝트(Build 대상)입니다.
     1>ClCompile:
         C:\Program Files (x86)\Microsoft Visual Studio 11.0\VC\bin\CL.exe /c /ZI /nologo /W3 /WX- /Od /Oy- /D WIN32 /D _DEBUG /D _CONSOLE /D _UNICODE /D UNICODE /Gm /EHsc /RTC1 /MDd /GS /fp:precise /Zc:wchar_t /Zc:forScope /Fo"Debug\\" /Fd"Debug\vc110.pdb" /Gd /TP /analyze- /errorReport:prompt source.cpp
         source.cpp
     1>c:\opencv\build\include\opencv2\flann\dist.h : warning C4819: 현재 코드 페이지(949)에서 표시할 수 없는 문자가 파일에 들어 있습니다. 데이터가 손실되지 않게 하려면 해당 파일을 유니코드 형식으로 저장하십시오.
       Link:
         C:\Program Files (x86)\Microsoft Visual Studio 11.0\VC\bin\link.exe /ERRORREPORT:PROMPT /OUT:"c:\users\csh1\documents\visual studio 2012\Projects\webcam\Debug\webcam.exe" /INCREMENTAL /NOLOGO opencv_calib3d2410d.lib opencv_contrib2410d.lib opencv_core2410d.lib opencv_features2d2410d.lib opencv_flann2410d.lib opencv_gpu2410d.lib opencv_highgui2410d.lib opencv_imgproc2410d.lib opencv_legacy2410d.lib opencv_ml2410d.lib opencv_nonfree2410d.lib opencv_objdetect2410d.lib opencv_ocl2410d.lib opencv_photo2410d.lib opencv_stitching2410d.lib opencv_superres2410d.lib opencv_ts2410d.lib opencv_video2410d.lib opencv_videostab2410d.lib kernel32.lib user32.lib gdi32.lib winspool.lib comdlg32.lib advapi32.lib shell32.lib ole32.lib oleaut32.lib uuid.lib odbc32.lib odbccp32.lib /MANIFEST /MANIFESTUAC:"level='asInvoker' uiAccess='false'" /manifest:embed /DEBUG /PDB:"c:\users\csh1\documents\visual studio 2012\Projects\webcam\Debug\webcam.pdb" /SUBSYSTEM:CONSOLE /TLBID:1 /DYNAMICBASE /NXCOMPAT /IMPLIB:"c:\users\csh1\documents\visual studio 2012\Projects\webcam\Debug\webcam.lib" /MACHINE:X86 Debug\source.obj
     1>source.obj : error LNK2019: _cvNamedWindow 외부 기호(참조 위치: _main 함수)에서 확인하지 못했습니다.
     1>source.obj : error LNK2019: _cvShowImage 외부 기호(참조 위치: _main 함수)에서 확인하지 못했습니다.
     1>source.obj : error LNK2019: _cvDestroyWindow 외부 기호(참조 위치: _main 함수)에서 확인하지 못했습니다.
     1>source.obj : error LNK2019: _cvWaitKey 외부 기호(참조 위치: _main 함수)에서 확인하지 못했습니다.
     1>source.obj : error LNK2019: _cvCreateCameraCapture 외부 기호(참조 위치: _main 함수)에서 확인하지 못했습니다.
     1>source.obj : error LNK2019: _cvQueryFrame 외부 기호(참조 위치: _main 함수)에서 확인하지 못했습니다.
     1>source.obj : error LNK2019: _cvReleaseCapture 외부 기호(참조 위치: _main 함수)에서 확인하지 못했습니다.
     1>c:\users\csh1\documents\visual studio 2012\Projects\webcam\Debug\webcam.exe : fatal error LNK1120: 7개의 확인할 수 없는 외부 참조입니다.
     1>"c:\Users\csh1\documents\visual studio 2012\Projects\webcam\webcam\webcam.vcxproj" 프로젝트를 빌드했습니다(Build 대상). - 실패

빌드하지 못했습니다.

경과 시간: 00:00:01.81
